<?xml version="1.0" encoding="UTF-8"?>
<testng-results ignored="0" total="2" passed="2" failed="0" skipped="0">
  <reporter-output>
    <line>
      <![CDATA[----------Execution Started----------]]>
    </line>
    <line>
      <![CDATA[----------Execution Completed----------]]>
    </line>
  </reporter-output>
  <suite started-at="2023-10-16T10:56:35 IST" name="Suite" finished-at="2023-10-16T10:57:10 IST" duration-ms="34669">
    <groups>
    </groups>
    <test started-at="2023-10-16T10:56:35 IST" name="Test" finished-at="2023-10-16T10:57:10 IST" duration-ms="34669">
      <class name="com.actitime.scripts.TC1_ActitimeLoginLogout">
        <test-method is-config="true" signature="executionStart()[pri:0, instance:com.actitime.scripts.TC1_ActitimeLoginLogout@9f116cc]" started-at="2023-10-16T10:56:35 IST" name="executionStart" finished-at="2023-10-16T10:56:35 IST" duration-ms="9" status="PASS">
          <reporter-output>
            <line>
              <![CDATA[----------Execution Started----------]]>
            </line>
          </reporter-output>
        </test-method> <!-- executionStart -->
        <test-method is-config="true" signature="setup()[pri:0, instance:com.actitime.scripts.TC1_ActitimeLoginLogout@9f116cc]" started-at="2023-10-16T10:56:35 IST" name="setup" finished-at="2023-10-16T10:56:46 IST" duration-ms="11139" status="PASS">
          <reporter-output>
          </reporter-output>
        </test-method> <!-- setup -->
        <test-method signature="login()[pri:0, instance:com.actitime.scripts.TC1_ActitimeLoginLogout@9f116cc]" started-at="2023-10-16T10:56:46 IST" name="login" finished-at="2023-10-16T10:56:59 IST" duration-ms="12460" status="PASS">
          <reporter-output>
          </reporter-output>
        </test-method> <!-- login -->
        <test-method signature="logout()[pri:0, instance:com.actitime.scripts.TC1_ActitimeLoginLogout@9f116cc]" started-at="2023-10-16T10:56:59 IST" name="logout" finished-at="2023-10-16T10:57:10 IST" depends-on-methods="com.actitime.scripts.TC1_ActitimeLoginLogout.login" duration-ms="10652" status="PASS">
          <reporter-output>
          </reporter-output>
        </test-method> <!-- logout -->
        <test-method is-config="true" signature="teardown()[pri:0, instance:com.actitime.scripts.TC1_ActitimeLoginLogout@9f116cc]" started-at="2023-10-16T10:57:10 IST" name="teardown" finished-at="2023-10-16T10:57:10 IST" duration-ms="345" status="PASS">
          <reporter-output>
          </reporter-output>
        </test-method> <!-- teardown -->
        <test-method is-config="true" signature="executionComplete()[pri:0, instance:com.actitime.scripts.TC1_ActitimeLoginLogout@9f116cc]" started-at="2023-10-16T10:57:10 IST" name="executionComplete" finished-at="2023-10-16T10:57:10 IST" duration-ms="1" status="PASS">
          <reporter-output>
            <line>
              <![CDATA[----------Execution Completed----------]]>
            </line>
          </reporter-output>
        </test-method> <!-- executionComplete -->
      </class> <!-- com.actitime.scripts.TC1_ActitimeLoginLogout -->
    </test> <!-- Test -->
  </suite> <!-- Suite -->
</testng-results>
