<?xml version="1.0" encoding="UTF-8"?>
<testng-results ignored="0" total="2" passed="2" failed="0" skipped="0">
  <reporter-output>
    <line>
      <![CDATA[----------Execution Started----------]]>
    </line>
    <line>
      <![CDATA[----------Execution Completed----------]]>
    </line>
  </reporter-output>
  <suite started-at="2023-10-12T10:45:53 IST" name="Suite" finished-at="2023-10-12T10:46:21 IST" duration-ms="28415">
    <groups>
    </groups>
    <test started-at="2023-10-12T10:45:53 IST" name="Test" finished-at="2023-10-12T10:46:21 IST" duration-ms="28415">
      <class name="com.actitime.scripts.TC1_ActitimeLoginLogout">
        <test-method is-config="true" signature="executionStart()[pri:0, instance:com.actitime.scripts.TC1_ActitimeLoginLogout@3a7442c7]" started-at="2023-10-12T10:45:53 IST" name="executionStart" finished-at="2023-10-12T10:45:53 IST" duration-ms="17" status="PASS">
          <reporter-output>
            <line>
              <![CDATA[----------Execution Started----------]]>
            </line>
          </reporter-output>
        </test-method> <!-- executionStart -->
        <test-method is-config="true" signature="setup()[pri:0, instance:com.actitime.scripts.TC1_ActitimeLoginLogout@3a7442c7]" started-at="2023-10-12T10:45:53 IST" name="setup" finished-at="2023-10-12T10:46:02 IST" duration-ms="9760" status="PASS">
          <reporter-output>
          </reporter-output>
        </test-method> <!-- setup -->
        <test-method signature="login()[pri:0, instance:com.actitime.scripts.TC1_ActitimeLoginLogout@3a7442c7]" started-at="2023-10-12T10:46:02 IST" name="login" finished-at="2023-10-12T10:46:12 IST" duration-ms="9475" status="PASS">
          <reporter-output>
          </reporter-output>
        </test-method> <!-- login -->
        <test-method signature="logout()[pri:0, instance:com.actitime.scripts.TC1_ActitimeLoginLogout@3a7442c7]" started-at="2023-10-12T10:46:12 IST" name="logout" finished-at="2023-10-12T10:46:21 IST" depends-on-methods="com.actitime.scripts.TC1_ActitimeLoginLogout.login" duration-ms="8853" status="PASS">
          <reporter-output>
          </reporter-output>
        </test-method> <!-- logout -->
        <test-method is-config="true" signature="teardown()[pri:0, instance:com.actitime.scripts.TC1_ActitimeLoginLogout@3a7442c7]" started-at="2023-10-12T10:46:21 IST" name="teardown" finished-at="2023-10-12T10:46:21 IST" duration-ms="272" status="PASS">
          <reporter-output>
          </reporter-output>
        </test-method> <!-- teardown -->
        <test-method is-config="true" signature="executionComplete()[pri:0, instance:com.actitime.scripts.TC1_ActitimeLoginLogout@3a7442c7]" started-at="2023-10-12T10:46:21 IST" name="executionComplete" finished-at="2023-10-12T10:46:21 IST" duration-ms="0" status="PASS">
          <reporter-output>
            <line>
              <![CDATA[----------Execution Completed----------]]>
            </line>
          </reporter-output>
        </test-method> <!-- executionComplete -->
      </class> <!-- com.actitime.scripts.TC1_ActitimeLoginLogout -->
    </test> <!-- Test -->
  </suite> <!-- Suite -->
</testng-results>
